<?xml version="1.0" encoding="UTF-8"?>
<testng-results ignored="0" total="2" passed="2" failed="0" skipped="0">
  <reporter-output>
  </reporter-output>
  <suite started-at="2025-11-13T12:43:51 GMT+03:00" name="Suite" finished-at="2025-11-13T12:44:05 GMT+03:00" duration-ms="13877">
    <groups>
      <group name="Master">
        <method signature="TC_001_AccountRegistrationTest.verifyAccountRegistration()[pri:0, instance:testCases.TC_001_AccountRegistrationTest@2a798d51]" name="verifyAccountRegistration" class="testCases.TC_001_AccountRegistrationTest"/>
        <method signature="TC_002_LoginTest.verifyLogin()[pri:0, instance:testCases.TC_002_LoginTest@dd8ba08]" name="verifyLogin" class="testCases.TC_002_LoginTest"/>
      </group> <!-- Master -->
      <group name="Sanity">
        <method signature="TC_002_LoginTest.verifyLogin()[pri:0, instance:testCases.TC_002_LoginTest@dd8ba08]" name="verifyLogin" class="testCases.TC_002_LoginTest"/>
      </group> <!-- Sanity -->
      <group name="Regression">
        <method signature="TC_001_AccountRegistrationTest.verifyAccountRegistration()[pri:0, instance:testCases.TC_001_AccountRegistrationTest@2a798d51]" name="verifyAccountRegistration" class="testCases.TC_001_AccountRegistrationTest"/>
      </group> <!-- Regression -->
    </groups>
    <test started-at="2025-11-13T12:43:51 GMT+03:00" name="Test" finished-at="2025-11-13T12:44:05 GMT+03:00" duration-ms="13877">
      <class name="testCases.TC_001_AccountRegistrationTest">
        <test-method is-config="true" signature="setup(java.lang.String,java.lang.String)[pri:0, instance:testCases.TC_001_AccountRegistrationTest@2a798d51]" started-at="2025-11-13T12:43:51 GMT+03:00" name="setup" finished-at="2025-11-13T12:43:56 GMT+03:00" duration-ms="4816" status="PASS">
          <params>
            <param index="0">
              <value>
                <![CDATA[windows]]>
              </value>
            </param>
            <param index="1">
              <value>
                <![CDATA[chrome]]>
              </value>
            </param>
          </params>
          <reporter-output>
          </reporter-output>
        </test-method> <!-- setup -->
        <test-method signature="verifyAccountRegistration()[pri:0, instance:testCases.TC_001_AccountRegistrationTest@2a798d51]" started-at="2025-11-13T12:43:56 GMT+03:00" name="verifyAccountRegistration" finished-at="2025-11-13T12:43:59 GMT+03:00" duration-ms="2699" status="PASS">
          <reporter-output>
          </reporter-output>
        </test-method> <!-- verifyAccountRegistration -->
        <test-method is-config="true" signature="tearDown()[pri:0, instance:testCases.TC_001_AccountRegistrationTest@2a798d51]" started-at="2025-11-13T12:43:59 GMT+03:00" name="tearDown" finished-at="2025-11-13T12:43:59 GMT+03:00" duration-ms="69" status="PASS">
          <reporter-output>
          </reporter-output>
        </test-method> <!-- tearDown -->
      </class> <!-- testCases.TC_001_AccountRegistrationTest -->
      <class name="testCases.TC_002_LoginTest">
        <test-method is-config="true" signature="setup(java.lang.String,java.lang.String)[pri:0, instance:testCases.TC_002_LoginTest@dd8ba08]" started-at="2025-11-13T12:43:59 GMT+03:00" name="setup" finished-at="2025-11-13T12:44:03 GMT+03:00" duration-ms="4047" status="PASS">
          <params>
            <param index="0">
              <value>
                <![CDATA[windows]]>
              </value>
            </param>
            <param index="1">
              <value>
                <![CDATA[chrome]]>
              </value>
            </param>
          </params>
          <reporter-output>
          </reporter-output>
        </test-method> <!-- setup -->
        <test-method signature="verifyLogin()[pri:0, instance:testCases.TC_002_LoginTest@dd8ba08]" started-at="2025-11-13T12:44:03 GMT+03:00" name="verifyLogin" finished-at="2025-11-13T12:44:05 GMT+03:00" duration-ms="1948" status="PASS">
          <reporter-output>
          </reporter-output>
        </test-method> <!-- verifyLogin -->
        <test-method is-config="true" signature="tearDown()[pri:0, instance:testCases.TC_002_LoginTest@dd8ba08]" started-at="2025-11-13T12:44:05 GMT+03:00" name="tearDown" finished-at="2025-11-13T12:44:05 GMT+03:00" duration-ms="63" status="PASS">
          <reporter-output>
          </reporter-output>
        </test-method> <!-- tearDown -->
      </class> <!-- testCases.TC_002_LoginTest -->
    </test> <!-- Test -->
  </suite> <!-- Suite -->
</testng-results>
